<?xml version="1.0" encoding="UTF-8"?>
<testng-results skipped="0" failed="0" total="1" passed="1">
  <reporter-output>
  </reporter-output>
  <suite name="Default suite" duration-ms="17203" started-at="2018-08-09T12:24:53Z" finished-at="2018-08-09T12:25:10Z">
    <groups>
    </groups>
    <test name="Default test" duration-ms="17203" started-at="2018-08-09T12:24:53Z" finished-at="2018-08-09T12:25:10Z">
      <class name="TestNG.NewTest">
        <test-method status="PASS" signature="beforeTest()[pri:0, instance:TestNG.NewTest@e6e9c3]" name="beforeTest" is-config="true" duration-ms="14368" started-at="2018-08-09T17:54:53Z" finished-at="2018-08-09T17:55:07Z">
          <reporter-output>
          </reporter-output>
        </test-method> <!-- beforeTest -->
        <test-method status="PASS" signature="f()[pri:0, instance:TestNG.NewTest@e6e9c3]" name="f" duration-ms="2805" started-at="2018-08-09T17:55:07Z" finished-at="2018-08-09T17:55:10Z">
          <reporter-output>
          </reporter-output>
        </test-method> <!-- f -->
      </class> <!-- TestNG.NewTest -->
    </test> <!-- Default test -->
  </suite> <!-- Default suite -->
</testng-results>
